0 info it worked if it ends with ok
1 verbose cli [ '/usr/local/bin/node',
1 verbose cli   '/usr/local/bin/npm',
1 verbose cli   'run',
1 verbose cli   'webpack-api-bundle-jquery' ]
2 info using npm@3.9.5
3 info using node@v6.2.2
4 verbose run-script [ 'prewebpack-api-bundle-jquery',
4 verbose run-script   'webpack-api-bundle-jquery',
4 verbose run-script   'postwebpack-api-bundle-jquery' ]
5 info lifecycle spaceifyedge@1.0.0~prewebpack-api-bundle-jquery: spaceifyedge@1.0.0
6 silly lifecycle spaceifyedge@1.0.0~prewebpack-api-bundle-jquery: no script for prewebpack-api-bundle-jquery, continuing
7 info lifecycle spaceifyedge@1.0.0~webpack-api-bundle-jquery: spaceifyedge@1.0.0
8 verbose lifecycle spaceifyedge@1.0.0~webpack-api-bundle-jquery: unsafe-perm in lifecycle true
9 verbose lifecycle spaceifyedge@1.0.0~webpack-api-bundle-jquery: PATH: /usr/local/lib/node_modules/npm/bin/node-gyp-bin:/home/work/projects/spaceifyedge/code/www/node_modules/.bin:/usr/local/bin:/usr/local/sbin:/usr/local/bin:/usr/sbin:/usr/bin:/sbin:/bin:/snap/bin
10 verbose lifecycle spaceifyedge@1.0.0~webpack-api-bundle-jquery: CWD: /home/work/projects/spaceifyedge/code/www
11 silly lifecycle spaceifyedge@1.0.0~webpack-api-bundle-jquery: Args: [ '-c',
11 silly lifecycle   'WEBPACK_MODE=\'api-bundle-jquery\' node node_modules/webpack/bin/webpack.js' ]
12 silly lifecycle spaceifyedge@1.0.0~webpack-api-bundle-jquery: Returned: code: 1  signal: null
13 info lifecycle spaceifyedge@1.0.0~webpack-api-bundle-jquery: Failed to exec webpack-api-bundle-jquery script
14 verbose stack Error: spaceifyedge@1.0.0 webpack-api-bundle-jquery: `WEBPACK_MODE='api-bundle-jquery' node node_modules/webpack/bin/webpack.js`
14 verbose stack Exit status 1
14 verbose stack     at EventEmitter.<anonymous> (/usr/local/lib/node_modules/npm/lib/utils/lifecycle.js:245:16)
14 verbose stack     at emitTwo (events.js:106:13)
14 verbose stack     at EventEmitter.emit (events.js:191:7)
14 verbose stack     at ChildProcess.<anonymous> (/usr/local/lib/node_modules/npm/lib/utils/spawn.js:24:14)
14 verbose stack     at emitTwo (events.js:106:13)
14 verbose stack     at ChildProcess.emit (events.js:191:7)
14 verbose stack     at maybeClose (internal/child_process.js:852:16)
14 verbose stack     at Process.ChildProcess._handle.onexit (internal/child_process.js:215:5)
15 verbose pkgid spaceifyedge@1.0.0
16 verbose cwd /home/work/projects/spaceifyedge/code/www
17 error Linux 4.4.0-62-generic
18 error argv "/usr/local/bin/node" "/usr/local/bin/npm" "run" "webpack-api-bundle-jquery"
19 error node v6.2.2
20 error npm  v3.9.5
21 error code ELIFECYCLE
22 error spaceifyedge@1.0.0 webpack-api-bundle-jquery: `WEBPACK_MODE='api-bundle-jquery' node node_modules/webpack/bin/webpack.js`
22 error Exit status 1
23 error Failed at the spaceifyedge@1.0.0 webpack-api-bundle-jquery script 'WEBPACK_MODE='api-bundle-jquery' node node_modules/webpack/bin/webpack.js'.
23 error Make sure you have the latest version of node.js and npm installed.
23 error If you do, this is most likely a problem with the spaceifyedge package,
23 error not with npm itself.
23 error Tell the author that this fails on your system:
23 error     WEBPACK_MODE='api-bundle-jquery' node node_modules/webpack/bin/webpack.js
23 error You can get information on how to open an issue for this project with:
23 error     npm bugs spaceifyedge
23 error Or if that isn't available, you can get their info via:
23 error     npm owner ls spaceifyedge
23 error There is likely additional logging output above.
24 verbose exit [ 1, true ]
